<?xml version="1.0" encoding="UTF-8"?>
<testng-results ignored="0" total="1" passed="1" failed="0" skipped="0">
  <reporter-output>
  </reporter-output>
  <suite started-at="2023-04-26T07:42:46 IST" name="Default suite" finished-at="2023-04-26T07:42:46 IST" duration-ms="89">
    <groups>
    </groups>
    <test started-at="2023-04-26T07:42:46 IST" name="Default test" finished-at="2023-04-26T07:42:46 IST" duration-ms="89">
      <class name="MavenPack.FirstPrg">
        <test-method signature="Test1()[pri:0, instance:MavenPack.FirstPrg@20ccf40b]" started-at="2023-04-26T07:42:46 IST" name="Test1" finished-at="2023-04-26T07:42:46 IST" duration-ms="17" status="PASS">
          <reporter-output>
          </reporter-output>
        </test-method> <!-- Test1 -->
      </class> <!-- MavenPack.FirstPrg -->
    </test> <!-- Default test -->
  </suite> <!-- Default suite -->
</testng-results>
